#
# There is insufficient memory for the Java Runtime Environment to continue.
# Native memory allocation (mmap) failed to map 19922944 bytes. Error detail: G1 virtual space
# Possible reasons:
#   The system is out of physical RAM or swap space
#   This process is running with CompressedOops enabled, and the Java Heap may be blocking the growth of the native heap
# Possible solutions:
#   Reduce memory load on the system
#   Increase physical memory or swap space
#   Check if swap backing store is full
#   Decrease Java heap size (-Xmx/-Xms)
#   Decrease number of Java threads
#   Decrease Java thread stack sizes (-Xss)
#   Set larger code cache with -XX:ReservedCodeCacheSize=
#   JVM is running with Unscaled Compressed Oops mode in which the Java heap is
#     placed in the first 4GB address space. The Java Heap base address is the
#     maximum limit for the native heap growth. Please use -XX:HeapBaseMinAddress
#     to set the Java Heap base and to place the Java Heap above 4GB virtual address.
# This output file may be truncated or incomplete.
#
#  Out of Memory Error (os_windows.cpp:3828), pid=15488, tid=5944
#
# JRE version: OpenJDK Runtime Environment (21.0.4) (build 21.0.4+-12508038-b607.1)
# Java VM: OpenJDK 64-Bit Server VM (21.0.4+-12508038-b607.1, mixed mode, tiered, compressed oops, compressed class ptrs, g1 gc, windows-amd64)
# No core dump will be written. Minidumps are not enabled by default on client versions of Windows
#

---------------  S U M M A R Y ------------

Command Line: --add-opens=java.base/java.util=ALL-UNNAMED --add-opens=java.base/java.lang=ALL-UNNAMED --add-opens=java.base/java.lang.invoke=ALL-UNNAMED --add-opens=java.prefs/java.util.prefs=ALL-UNNAMED --add-exports=jdk.compiler/com.sun.tools.javac.api=ALL-UNNAMED --add-exports=jdk.compiler/com.sun.tools.javac.util=ALL-UNNAMED --add-opens=java.base/java.nio.charset=ALL-UNNAMED --add-opens=java.base/java.net=ALL-UNNAMED --add-opens=java.base/java.util.concurrent.atomic=ALL-UNNAMED -Xmx2048m -Dfile.encoding=UTF-8 -Duser.country=EC -Duser.language=es -Duser.variant -javaagent:C:\Users\WELCOME\.gradle\wrapper\dists\gradle-8.10.2-bin\a04bxjujx95o3nb99gddekhwo\gradle-8.10.2\lib\agents\gradle-instrumentation-agent-8.10.2.jar org.gradle.launcher.daemon.bootstrap.GradleDaemon 8.10.2

Host: AMD Ryzen 5 7520U with Radeon Graphics         , 8 cores, 13G,  Windows 11 , 64 bit Build 22621 (10.0.22621.4830)
Time: Fri Jan 31 20:34:23 2025 Hora est. Pacífico, Sudamérica elapsed time: 14.217447 seconds (0d 0h 0m 14s)

---------------  T H R E A D  ---------------

Current thread (0x00000183cb589090):  VMThread "VM Thread"          [id=5944, stack(0x0000006025b00000,0x0000006025c00000) (1024K)]

Stack: [0x0000006025b00000,0x0000006025c00000]
Native frames: (J=compiled Java code, j=interpreted, Vv=VM code, C=native code)
V  [jvm.dll+0x6ce539]
V  [jvm.dll+0x85bf03]
V  [jvm.dll+0x85e45e]
V  [jvm.dll+0x85eb43]
V  [jvm.dll+0x27dd06]
V  [jvm.dll+0x6cada5]
V  [jvm.dll+0x6bf27a]
V  [jvm.dll+0x3541fb]
V  [jvm.dll+0x35be36]
V  [jvm.dll+0x3adbc6]
V  [jvm.dll+0x3ade98]
V  [jvm.dll+0x32691c]
V  [jvm.dll+0x3269a7]
V  [jvm.dll+0x36c78c]
V  [jvm.dll+0x36af3e]
V  [jvm.dll+0x326071]
V  [jvm.dll+0x36a650]
V  [jvm.dll+0x8648c8]
V  [jvm.dll+0x865c44]
V  [jvm.dll+0x866180]
V  [jvm.dll+0x866413]
V  [jvm.dll+0x804418]
V  [jvm.dll+0x6cce0d]
C  [ucrtbase.dll+0x29333]
C  [KERNEL32.DLL+0x1259d]
C  [ntdll.dll+0x5af38]

VM_Operation (0x0000006027bfde30): G1CollectForAllocation, mode: safepoint, requested by thread 0x00000183d1a8a3c0


---------------  P R O C E S S  ---------------

Threads class SMR info:
_java_thread_list=0x00000183d331fae0, length=57, elements={
0x00000183b1a01980, 0x00000183cb624c70, 0x00000183cb627940, 0x00000183cb62b140,
0x00000183cb653e90, 0x00000183cb634d50, 0x00000183cb6357b0, 0x00000183cb65cf20,
0x00000183cb6609c0, 0x00000183cb7b07c0, 0x00000183d000d500, 0x00000183d18f0290,
0x00000183d1ab0960, 0x00000183d27d1110, 0x00000183d1a08d10, 0x00000183d1a48b00,
0x00000183d1a2d970, 0x00000183d1a87c60, 0x00000183d1a88980, 0x00000183d1a896a0,
0x00000183d1a882f0, 0x00000183d1a89010, 0x00000183d1a89d30, 0x00000183d1a8a3c0,
0x00000183d1a875d0, 0x00000183d2363b30, 0x00000183d235f990, 0x00000183d23620f0,
0x00000183d2362e10, 0x00000183d2360020, 0x00000183d23634a0, 0x00000183d2364850,
0x00000183d23606b0, 0x00000183d2364ee0, 0x00000183cb65e0e0, 0x00000183d23613d0,
0x00000183d235e5e0, 0x00000183d235ec70, 0x00000183d2360d40, 0x00000183d2365570,
0x00000183d2362780, 0x00000183d2361a60, 0x00000183d3e6b1a0, 0x00000183d3e6bec0,
0x00000183d3e6b830, 0x00000183d3e67d20, 0x00000183d3e65c50, 0x00000183d3e66970,
0x00000183d3e683b0, 0x00000183d3e655c0, 0x00000183d3e68a40, 0x00000183d3e6ab10,
0x00000183d3e67000, 0x00000183d3e690d0, 0x00000183d3e67690, 0x00000183d3e69760,
0x00000183d3e69df0
}

Java Threads: ( => current thread )
  0x00000183b1a01980 JavaThread "main"                              [_thread_blocked, id=15464, stack(0x0000006025400000,0x0000006025500000) (1024K)]
  0x00000183cb624c70 JavaThread "Reference Handler"          daemon [_thread_blocked, id=11196, stack(0x0000006025c00000,0x0000006025d00000) (1024K)]
  0x00000183cb627940 JavaThread "Finalizer"                  daemon [_thread_blocked, id=5340, stack(0x0000006025d00000,0x0000006025e00000) (1024K)]
  0x00000183cb62b140 JavaThread "Signal Dispatcher"          daemon [_thread_blocked, id=6300, stack(0x0000006025e00000,0x0000006025f00000) (1024K)]
  0x00000183cb653e90 JavaThread "Attach Listener"            daemon [_thread_blocked, id=13296, stack(0x0000006025f00000,0x0000006026000000) (1024K)]
  0x00000183cb634d50 JavaThread "Service Thread"             daemon [_thread_blocked, id=19824, stack(0x0000006026000000,0x0000006026100000) (1024K)]
  0x00000183cb6357b0 JavaThread "Monitor Deflation Thread"   daemon [_thread_blocked, id=10120, stack(0x0000006026100000,0x0000006026200000) (1024K)]
  0x00000183cb65cf20 JavaThread "C2 CompilerThread0"         daemon [_thread_in_native, id=4440, stack(0x0000006026200000,0x0000006026300000) (1024K)]
  0x00000183cb6609c0 JavaThread "C1 CompilerThread0"         daemon [_thread_blocked, id=6384, stack(0x0000006026300000,0x0000006026400000) (1024K)]
  0x00000183cb7b07c0 JavaThread "Common-Cleaner"             daemon [_thread_blocked, id=18032, stack(0x0000006026400000,0x0000006026500000) (1024K)]
  0x00000183d000d500 JavaThread "Notification Thread"        daemon [_thread_blocked, id=14724, stack(0x0000006026500000,0x0000006026600000) (1024K)]
  0x00000183d18f0290 JavaThread "Daemon health stats"               [_thread_blocked, id=6612, stack(0x0000006026d00000,0x0000006026e00000) (1024K)]
  0x00000183d1ab0960 JavaThread "Incoming local TCP Connector on port 58149"        [_thread_in_native, id=4056, stack(0x0000006026f00000,0x0000006027000000) (1024K)]
  0x00000183d27d1110 JavaThread "Daemon periodic checks"            [_thread_blocked, id=18644, stack(0x0000006027000000,0x0000006027100000) (1024K)]
  0x00000183d1a08d10 JavaThread "Daemon"                            [_thread_blocked, id=8388, stack(0x0000006027100000,0x0000006027200000) (1024K)]
  0x00000183d1a48b00 JavaThread "Handler for socket connection from /127.0.0.1:58149 to /127.0.0.1:58152"        [_thread_in_native, id=18300, stack(0x0000006027200000,0x0000006027300000) (1024K)]
  0x00000183d1a2d970 JavaThread "Cancel handler"                    [_thread_blocked, id=17580, stack(0x0000006027300000,0x0000006027400000) (1024K)]
  0x00000183d1a87c60 JavaThread "Daemon worker"                     [_thread_blocked, id=5104, stack(0x0000006027400000,0x0000006027500000) (1024K)]
  0x00000183d1a88980 JavaThread "Asynchronous log dispatcher for DefaultDaemonConnection: socket connection from /127.0.0.1:58149 to /127.0.0.1:58152"        [_thread_blocked, id=19832, stack(0x0000006027500000,0x0000006027600000) (1024K)]
  0x00000183d1a896a0 JavaThread "Stdin handler"                     [_thread_blocked, id=6368, stack(0x0000006027600000,0x0000006027700000) (1024K)]
  0x00000183d1a882f0 JavaThread "Daemon client event forwarder"        [_thread_blocked, id=10740, stack(0x0000006027700000,0x0000006027800000) (1024K)]
  0x00000183d1a89010 JavaThread "Cache worker for journal cache (C:\Users\WELCOME\.gradle\caches\journal-1)"        [_thread_blocked, id=17996, stack(0x0000006027900000,0x0000006027a00000) (1024K)]
  0x00000183d1a89d30 JavaThread "File lock request listener"        [_thread_in_native, id=9984, stack(0x0000006027a00000,0x0000006027b00000) (1024K)]
  0x00000183d1a8a3c0 JavaThread "Cache worker for file hash cache (C:\Users\WELCOME\.gradle\caches\8.10.2\fileHashes)"        [_thread_blocked, id=8868, stack(0x0000006027b00000,0x0000006027c00000) (1024K)]
  0x00000183d1a875d0 JavaThread "Cache worker for file hash cache (C:\Users\WELCOME\AndroidStudioProjects\VaulContraseas\.gradle\8.10.2\fileHashes)"        [_thread_blocked, id=12444, stack(0x0000006027d00000,0x0000006027e00000) (1024K)]
  0x00000183d2363b30 JavaThread "Cache worker for Build Output Cleanup Cache (C:\Users\WELCOME\AndroidStudioProjects\VaulContraseas\.gradle\buildOutputCleanup)"        [_thread_blocked, id=19912, stack(0x0000006027e00000,0x0000006027f00000) (1024K)]
  0x00000183d235f990 JavaThread "File watcher server"        daemon [_thread_blocked, id=9204, stack(0x0000006027f00000,0x0000006028000000) (1024K)]
  0x00000183d23620f0 JavaThread "File watcher consumer"      daemon [_thread_blocked, id=2164, stack(0x0000006028000000,0x0000006028100000) (1024K)]
  0x00000183d2362e10 JavaThread "Cache worker for checksums cache (C:\Users\WELCOME\AndroidStudioProjects\VaulContraseas\.gradle\8.10.2\checksums)"        [_thread_blocked, id=19024, stack(0x0000006027c00000,0x0000006027d00000) (1024K)]
  0x00000183d2360020 JavaThread "Cache worker for file content cache (C:\Users\WELCOME\.gradle\caches\8.10.2\fileContent)"        [_thread_blocked, id=17092, stack(0x0000006028100000,0x0000006028200000) (1024K)]
  0x00000183d23634a0 JavaThread "Cache worker for cache directory md-rule (C:\Users\WELCOME\.gradle\caches\8.10.2\md-rule)"        [_thread_blocked, id=19804, stack(0x0000006028200000,0x0000006028300000) (1024K)]
  0x00000183d2364850 JavaThread "Cache worker for cache directory md-supplier (C:\Users\WELCOME\.gradle\caches\8.10.2\md-supplier)"        [_thread_blocked, id=11652, stack(0x0000006026e00000,0x0000006026f00000) (1024K)]
  0x00000183d23606b0 JavaThread "jar transforms"                    [_thread_blocked, id=10136, stack(0x0000006028500000,0x0000006028600000) (1024K)]
  0x00000183d2364ee0 JavaThread "jar transforms Thread 2"           [_thread_blocked, id=13516, stack(0x0000006028300000,0x0000006028400000) (1024K)]
  0x00000183cb65e0e0 JavaThread "C2 CompilerThread1"         daemon [_thread_blocked, id=10556, stack(0x0000006028400000,0x0000006028500000) (1024K)]
  0x00000183d23613d0 JavaThread "jar transforms Thread 3"           [_thread_blocked, id=8724, stack(0x0000006028600000,0x0000006028700000) (1024K)]
  0x00000183d235e5e0 JavaThread "Unconstrained build operations"        [_thread_blocked, id=10080, stack(0x0000006028700000,0x0000006028800000) (1024K)]
  0x00000183d235ec70 JavaThread "Unconstrained build operations Thread 2"        [_thread_blocked, id=9924, stack(0x0000006028800000,0x0000006028900000) (1024K)]
  0x00000183d2360d40 JavaThread "Unconstrained build operations Thread 3"        [_thread_blocked, id=16408, stack(0x0000006028900000,0x0000006028a00000) (1024K)]
  0x00000183d2365570 JavaThread "Unconstrained build operations Thread 4"        [_thread_blocked, id=13264, stack(0x0000006028a00000,0x0000006028b00000) (1024K)]
  0x00000183d2362780 JavaThread "Unconstrained build operations Thread 5"        [_thread_blocked, id=17484, stack(0x0000006028b00000,0x0000006028c00000) (1024K)]
  0x00000183d2361a60 JavaThread "Unconstrained build operations Thread 6"        [_thread_blocked, id=3920, stack(0x0000006028c00000,0x0000006028d00000) (1024K)]
  0x00000183d3e6b1a0 JavaThread "Unconstrained build operations Thread 7"        [_thread_blocked, id=15012, stack(0x0000006028d00000,0x0000006028e00000) (1024K)]
  0x00000183d3e6bec0 JavaThread "Unconstrained build operations Thread 8"        [_thread_blocked, id=20452, stack(0x0000006028e00000,0x0000006028f00000) (1024K)]
  0x00000183d3e6b830 JavaThread "Unconstrained build operations Thread 9"        [_thread_blocked, id=9016, stack(0x0000006028f00000,0x0000006029000000) (1024K)]
  0x00000183d3e67d20 JavaThread "Unconstrained build operations Thread 10"        [_thread_blocked, id=8860, stack(0x0000006029000000,0x0000006029100000) (1024K)]
  0x00000183d3e65c50 JavaThread "Unconstrained build operations Thread 11"        [_thread_blocked, id=4520, stack(0x0000006029100000,0x0000006029200000) (1024K)]
  0x00000183d3e66970 JavaThread "Unconstrained build operations Thread 12"        [_thread_blocked, id=16856, stack(0x0000006029200000,0x0000006029300000) (1024K)]
  0x00000183d3e683b0 JavaThread "Unconstrained build operations Thread 13"        [_thread_blocked, id=16724, stack(0x0000006029300000,0x0000006029400000) (1024K)]
  0x00000183d3e655c0 JavaThread "Unconstrained build operations Thread 14"        [_thread_blocked, id=4240, stack(0x0000006029400000,0x0000006029500000) (1024K)]
  0x00000183d3e68a40 JavaThread "Unconstrained build operations Thread 15"        [_thread_blocked, id=18120, stack(0x0000006029500000,0x0000006029600000) (1024K)]
  0x00000183d3e6ab10 JavaThread "Unconstrained build operations Thread 16"        [_thread_blocked, id=2384, stack(0x0000006029600000,0x0000006029700000) (1024K)]
  0x00000183d3e67000 JavaThread "Unconstrained build operations Thread 17"        [_thread_blocked, id=16880, stack(0x0000006029700000,0x0000006029800000) (1024K)]
  0x00000183d3e690d0 JavaThread "Unconstrained build operations Thread 18"        [_thread_blocked, id=14952, stack(0x0000006029800000,0x0000006029900000) (1024K)]
  0x00000183d3e67690 JavaThread "Unconstrained build operations Thread 19"        [_thread_blocked, id=14120, stack(0x0000006029900000,0x0000006029a00000) (1024K)]
  0x00000183d3e69760 JavaThread "Unconstrained build operations Thread 20"        [_thread_blocked, id=17732, stack(0x0000006029a00000,0x0000006029b00000) (1024K)]
  0x00000183d3e69df0 JavaThread "Unconstrained build operations Thread 21"        [_thread_blocked, id=9332, stack(0x0000006029b00000,0x0000006029c00000) (1024K)]
Total: 57

Other Threads:
=>0x00000183cb589090 VMThread "VM Thread"                           [id=5944, stack(0x0000006025b00000,0x0000006025c00000) (1024K)]
  0x00000183cb40f130 WatcherThread "VM Periodic Task Thread"        [id=17948, stack(0x0000006025a00000,0x0000006025b00000) (1024K)]
  0x00000183b3da4fd0 WorkerThread "GC Thread#0"                     [id=13556, stack(0x0000006025500000,0x0000006025600000) (1024K)]
  0x00000183d0460aa0 WorkerThread "GC Thread#1"                     [id=5676, stack(0x0000006026800000,0x0000006026900000) (1024K)]
  0x00000183d0274020 WorkerThread "GC Thread#2"                     [id=9388, stack(0x0000006026900000,0x0000006026a00000) (1024K)]
  0x00000183d0950b10 WorkerThread "GC Thread#3"                     [id=12700, stack(0x0000006026a00000,0x0000006026b00000) (1024K)]
  0x00000183d0950eb0 WorkerThread "GC Thread#4"                     [id=16452, stack(0x0000006026b00000,0x0000006026c00000) (1024K)]
  0x00000183d19342b0 WorkerThread "GC Thread#5"                     [id=19928, stack(0x0000006026600000,0x0000006026700000) (1024K)]
  0x00000183d1934650 WorkerThread "GC Thread#6"                     [id=20436, stack(0x0000006026700000,0x0000006026800000) (1024K)]
  0x00000183d19349f0 WorkerThread "GC Thread#7"                     [id=13652, stack(0x0000006026c00000,0x0000006026d00000) (1024K)]
  0x00000183b3db5fb0 ConcurrentGCThread "G1 Main Marker"            [id=15020, stack(0x0000006025600000,0x0000006025700000) (1024K)]
  0x00000183b3db6c20 WorkerThread "G1 Conc#0"                       [id=18448, stack(0x0000006025700000,0x0000006025800000) (1024K)]
  0x00000183d2821bf0 WorkerThread "G1 Conc#1"                       [id=20448, stack(0x0000006027800000,0x0000006027900000) (1024K)]
  0x00000183cb2e52c0 ConcurrentGCThread "G1 Refine#0"               [id=3988, stack(0x0000006025800000,0x0000006025900000) (1024K)]
  0x00000183cb2e5ae0 ConcurrentGCThread "G1 Service"                [id=13596, stack(0x0000006025900000,0x0000006025a00000) (1024K)]
Total: 15

Threads with active compile tasks:
C2 CompilerThread0    14245 7836       4       org.gradle.cache.internal.btree.FreeListBlockStore::read (12 bytes)
C2 CompilerThread1    14245 7921       4       org.gradle.cache.internal.btree.CachingBlockStore::read (56 bytes)
Total: 2

VM state: at safepoint (normal execution)

VM Mutex/Monitor currently owned by a thread:  ([mutex/lock_event])
[0x00007fff312672f8] Threads_lock - owner thread: 0x00000183cb589090
[0x00007fff312673f8] Heap_lock - owner thread: 0x00000183d1a8a3c0

Heap address: 0x0000000080000000, size: 2048 MB, Compressed Oops mode: 32-bit

CDS archive(s) not mapped
Compressed class space mapped at: 0x0000000100000000-0x0000000140000000, reserved size: 1073741824
Narrow klass base: 0x0000000000000000, Narrow klass shift: 3, Narrow klass range: 0x140000000

GC Precious Log:
 CardTable entry size: 512
 Card Set container configuration: InlinePtr #cards 5 size 8 Array Of Cards #cards 12 size 40 Howl #buckets 4 coarsen threshold 1843 Howl Bitmap #cards 512 size 80 coarsen threshold 460 Card regions per heap region 1 cards per card region 2048
 CPUs: 8 total, 8 available
 Memory: 14157M
 Large Page Support: Disabled
 NUMA Support: Disabled
 Compressed Oops: Enabled (32-bit)
 Heap Region Size: 1M
 Heap Min Capacity: 8M
 Heap Initial Capacity: 222M
 Heap Max Capacity: 2G
 Pre-touch: Disabled
 Parallel Workers: 8
 Concurrent Workers: 2
 Concurrent Refinement Workers: 8
 Periodic GC: Disabled

Heap:
 garbage-first heap   total 95232K, used 48002K [0x0000000080000000, 0x0000000100000000)
  region size 1024K, 4 young (4096K), 4 survivors (4096K)
 Metaspace       used 63981K, committed 65664K, reserved 1114112K
  class space    used 8621K, committed 9472K, reserved 1048576K

Heap Regions: E=young(eden), S=young(survivor), O=old, HS=humongous(starts), HC=humongous(continues), CS=collection set, F=free, TAMS=top-at-mark-start, PB=parsable bottom
|   0|0x0000000080000000, 0x0000000080100000, 0x0000000080100000|100%| O|  |TAMS 0x0000000080100000| PB 0x0000000080000000| Untracked 
|   1|0x0000000080100000, 0x0000000080200000, 0x0000000080200000|100%| O|  |TAMS 0x0000000080200000| PB 0x0000000080100000| Untracked 
|   2|0x0000000080200000, 0x0000000080300000, 0x0000000080300000|100%|HS|  |TAMS 0x0000000080300000| PB 0x0000000080200000| Complete 
|   3|0x0000000080300000, 0x0000000080400000, 0x0000000080400000|100%|HC|  |TAMS 0x0000000080400000| PB 0x0000000080300000| Complete 
|   4|0x0000000080400000, 0x0000000080500000, 0x0000000080500000|100%|HC|  |TAMS 0x0000000080500000| PB 0x0000000080400000| Complete 
|   5|0x0000000080500000, 0x0000000080600000, 0x0000000080600000|100%|HC|  |TAMS 0x0000000080600000| PB 0x0000000080500000| Complete 
|   6|0x0000000080600000, 0x0000000080700000, 0x0000000080700000|100%| O|  |TAMS 0x0000000080700000| PB 0x0000000080600000| Untracked 
|   7|0x0000000080700000, 0x0000000080800000, 0x0000000080800000|100%| O|  |TAMS 0x0000000080800000| PB 0x0000000080700000| Untracked 
|   8|0x0000000080800000, 0x0000000080900000, 0x0000000080900000|100%| O|  |TAMS 0x0000000080900000| PB 0x0000000080800000| Untracked 
|   9|0x0000000080900000, 0x0000000080a00000, 0x0000000080a00000|100%|HS|  |TAMS 0x0000000080a00000| PB 0x0000000080900000| Complete 
|  10|0x0000000080a00000, 0x0000000080b00000, 0x0000000080b00000|100%| O|  |TAMS 0x0000000080b00000| PB 0x0000000080a00000| Untracked 
|  11|0x0000000080b00000, 0x0000000080c00000, 0x0000000080c00000|100%| O|  |TAMS 0x0000000080c00000| PB 0x0000000080b00000| Untracked 
|  12|0x0000000080c00000, 0x0000000080d00000, 0x0000000080d00000|100%| O|  |TAMS 0x0000000080d00000| PB 0x0000000080c00000| Untracked 
|  13|0x0000000080d00000, 0x0000000080e00000, 0x0000000080e00000|100%| O|  |TAMS 0x0000000080e00000| PB 0x0000000080d00000| Untracked 
|  14|0x0000000080e00000, 0x0000000080f00000, 0x0000000080f00000|100%| O|  |TAMS 0x0000000080f00000| PB 0x0000000080e00000| Untracked 
|  15|0x0000000080f00000, 0x0000000081000000, 0x0000000081000000|100%| O|  |TAMS 0x0000000081000000| PB 0x0000000080f00000| Untracked 
|  16|0x0000000081000000, 0x0000000081100000, 0x0000000081100000|100%| O|  |TAMS 0x0000000081100000| PB 0x0000000081000000| Untracked 
|  17|0x0000000081100000, 0x0000000081200000, 0x0000000081200000|100%| O|  |TAMS 0x0000000081200000| PB 0x0000000081100000| Untracked 
|  18|0x0000000081200000, 0x0000000081300000, 0x0000000081300000|100%| O|  |TAMS 0x0000000081300000| PB 0x0000000081200000| Untracked 
|  19|0x0000000081300000, 0x0000000081400000, 0x0000000081400000|100%| O|  |TAMS 0x0000000081400000| PB 0x0000000081300000| Untracked 
|  20|0x0000000081400000, 0x0000000081500000, 0x0000000081500000|100%| O|  |TAMS 0x0000000081500000| PB 0x0000000081400000| Untracked 
|  21|0x0000000081500000, 0x0000000081600000, 0x0000000081600000|100%| O|  |TAMS 0x0000000081600000| PB 0x0000000081500000| Untracked 
|  22|0x0000000081600000, 0x0000000081700000, 0x0000000081700000|100%| O|  |TAMS 0x0000000081700000| PB 0x0000000081600000| Untracked 
|  23|0x0000000081700000, 0x0000000081700000, 0x0000000081800000|  0%| F|  |TAMS 0x0000000081700000| PB 0x0000000081700000| Untracked 
|  24|0x0000000081800000, 0x0000000081900000, 0x0000000081900000|100%| O|  |TAMS 0x0000000081900000| PB 0x0000000081800000| Untracked 
|  25|0x0000000081900000, 0x0000000081a00000, 0x0000000081a00000|100%| O|  |TAMS 0x0000000081a00000| PB 0x0000000081900000| Untracked 
|  26|0x0000000081a00000, 0x0000000081b00000, 0x0000000081b00000|100%| O|  |TAMS 0x0000000081b00000| PB 0x0000000081a00000| Untracked 
|  27|0x0000000081b00000, 0x0000000081c00000, 0x0000000081c00000|100%| O|  |TAMS 0x0000000081c00000| PB 0x0000000081b00000| Untracked 
|  28|0x0000000081c00000, 0x0000000081d00000, 0x0000000081d00000|100%| O|  |TAMS 0x0000000081d00000| PB 0x0000000081c00000| Untracked 
|  29|0x0000000081d00000, 0x0000000081e00000, 0x0000000081e00000|100%| O|  |TAMS 0x0000000081e00000| PB 0x0000000081d00000| Untracked 
|  30|0x0000000081e00000, 0x0000000081e00000, 0x0000000081f00000|  0%| F|  |TAMS 0x0000000081e00000| PB 0x0000000081e00000| Untracked 
|  31|0x0000000081f00000, 0x0000000081f00000, 0x0000000082000000|  0%| F|  |TAMS 0x0000000081f00000| PB 0x0000000081f00000| Untracked 
|  32|0x0000000082000000, 0x0000000082100000, 0x0000000082100000|100%| O|  |TAMS 0x0000000082100000| PB 0x0000000082000000| Untracked 
|  33|0x0000000082100000, 0x0000000082200000, 0x0000000082200000|100%| O|  |TAMS 0x0000000082200000| PB 0x0000000082100000| Untracked 
|  34|0x0000000082200000, 0x0000000082300000, 0x0000000082300000|100%| O|  |TAMS 0x0000000082300000| PB 0x0000000082200000| Untracked 
|  35|0x0000000082300000, 0x0000000082400000, 0x0000000082400000|100%| O|  |TAMS 0x0000000082400000| PB 0x0000000082300000| Untracked 
|  36|0x0000000082400000, 0x0000000082500000, 0x0000000082500000|100%| O|  |TAMS 0x0000000082500000| PB 0x0000000082400000| Untracked 
|  37|0x0000000082500000, 0x0000000082600000, 0x0000000082600000|100%| O|  |TAMS 0x0000000082600000| PB 0x0000000082500000| Untracked 
|  38|0x0000000082600000, 0x0000000082700000, 0x0000000082700000|100%| O|  |TAMS 0x0000000082700000| PB 0x0000000082600000| Untracked 
|  39|0x0000000082700000, 0x0000000082700000, 0x0000000082800000|  0%| F|  |TAMS 0x0000000082700000| PB 0x0000000082700000| Untracked 
|  40|0x0000000082800000, 0x0000000082800000, 0x0000000082900000|  0%| F|  |TAMS 0x0000000082800000| PB 0x0000000082800000| Untracked 
|  41|0x0000000082900000, 0x0000000082920210, 0x0000000082a00000| 12%| S|CS|TAMS 0x0000000082900000| PB 0x0000000082900000| Complete 
|  42|0x0000000082a00000, 0x0000000082b00000, 0x0000000082b00000|100%| S|CS|TAMS 0x0000000082a00000| PB 0x0000000082a00000| Complete 
|  43|0x0000000082b00000, 0x0000000082c00000, 0x0000000082c00000|100%| O|  |TAMS 0x0000000082c00000| PB 0x0000000082b00000| Untracked 
|  44|0x0000000082c00000, 0x0000000082d00000, 0x0000000082d00000|100%| O|  |TAMS 0x0000000082d00000| PB 0x0000000082c00000| Untracked 
|  45|0x0000000082d00000, 0x0000000082dc0640, 0x0000000082e00000| 75%| O|  |TAMS 0x0000000082dc0640| PB 0x0000000082d00000| Untracked 
|  46|0x0000000082e00000, 0x0000000082f00000, 0x0000000082f00000|100%| S|CS|TAMS 0x0000000082e00000| PB 0x0000000082e00000| Complete 
|  47|0x0000000082f00000, 0x0000000083000000, 0x0000000083000000|100%| S|CS|TAMS 0x0000000082f00000| PB 0x0000000082f00000| Complete 
|  48|0x0000000083000000, 0x0000000083000000, 0x0000000083100000|  0%| F|  |TAMS 0x0000000083000000| PB 0x0000000083000000| Untracked 
|  49|0x0000000083100000, 0x0000000083100000, 0x0000000083200000|  0%| F|  |TAMS 0x0000000083100000| PB 0x0000000083100000| Untracked 
|  50|0x0000000083200000, 0x0000000083200000, 0x0000000083300000|  0%| F|  |TAMS 0x0000000083200000| PB 0x0000000083200000| Untracked 
|  51|0x0000000083300000, 0x0000000083300000, 0x0000000083400000|  0%| F|  |TAMS 0x0000000083300000| PB 0x0000000083300000| Untracked 
|  52|0x0000000083400000, 0x0000000083400000, 0x0000000083500000|  0%| F|  |TAMS 0x0000000083400000| PB 0x0000000083400000| Untracked 
|  53|0x0000000083500000, 0x0000000083500000, 0x0000000083600000|  0%| F|  |TAMS 0x0000000083500000| PB 0x0000000083500000| Untracked 
|  54|0x0000000083600000, 0x0000000083600000, 0x0000000083700000|  0%| F|  |TAMS 0x0000000083600000| PB 0x0000000083600000| Untracked 
|  55|0x0000000083700000, 0x0000000083700000, 0x0000000083800000|  0%| F|  |TAMS 0x0000000083700000| PB 0x0000000083700000| Untracked 
|  56|0x0000000083800000, 0x0000000083800000, 0x0000000083900000|  0%| F|  |TAMS 0x0000000083800000| PB 0x0000000083800000| Untracked 
|  57|0x0000000083900000, 0x0000000083900000, 0x0000000083a00000|  0%| F|  |TAMS 0x0000000083900000| PB 0x0000000083900000| Untracked 
|  58|0x0000000083a00000, 0x0000000083a00000, 0x0000000083b00000|  0%| F|  |TAMS 0x0000000083a00000| PB 0x0000000083a00000| Untracked 
|  59|0x0000000083b00000, 0x0000000083b00000, 0x0000000083c00000|  0%| F|  |TAMS 0x0000000083b00000| PB 0x0000000083b00000| Untracked 
|  60|0x0000000083c00000, 0x0000000083c00000, 0x0000000083d00000|  0%| F|  |TAMS 0x0000000083c00000| PB 0x0000000083c00000| Untracked 
|  61|0x0000000083d00000, 0x0000000083d00000, 0x0000000083e00000|  0%| F|  |TAMS 0x0000000083d00000| PB 0x0000000083d00000| Untracked 
|  62|0x0000000083e00000, 0x0000000083e00000, 0x0000000083f00000|  0%| F|  |TAMS 0x0000000083e00000| PB 0x0000000083e00000| Untracked 
|  63|0x0000000083f00000, 0x0000000083f00000, 0x0000000084000000|  0%| F|  |TAMS 0x0000000083f00000| PB 0x0000000083f00000| Untracked 
|  64|0x0000000084000000, 0x0000000084000000, 0x0000000084100000|  0%| F|  |TAMS 0x0000000084000000| PB 0x0000000084000000| Untracked 
|  65|0x0000000084100000, 0x0000000084100000, 0x0000000084200000|  0%| F|  |TAMS 0x0000000084100000| PB 0x0000000084100000| Untracked 
|  66|0x0000000084200000, 0x0000000084200000, 0x0000000084300000|  0%| F|  |TAMS 0x0000000084200000| PB 0x0000000084200000| Untracked 
|  67|0x0000000084300000, 0x0000000084300000, 0x0000000084400000|  0%| F|  |TAMS 0x0000000084300000| PB 0x0000000084300000| Untracked 
|  68|0x0000000084400000, 0x0000000084400000, 0x0000000084500000|  0%| F|  |TAMS 0x0000000084400000| PB 0x0000000084400000| Untracked 
|  69|0x0000000084500000, 0x0000000084500000, 0x0000000084600000|  0%| F|  |TAMS 0x0000000084500000| PB 0x0000000084500000| Untracked 
|  70|0x0000000084600000, 0x0000000084600000, 0x0000000084700000|  0%| F|  |TAMS 0x0000000084600000| PB 0x0000000084600000| Untracked 
|  71|0x0000000084700000, 0x0000000084700000, 0x0000000084800000|  0%| F|  |TAMS 0x0000000084700000| PB 0x0000000084700000| Untracked 
|  72|0x0000000084800000, 0x0000000084800000, 0x0000000084900000|  0%| F|  |TAMS 0x0000000084800000| PB 0x0000000084800000| Untracked 
|  73|0x0000000084900000, 0x0000000084900000, 0x0000000084a00000|  0%| F|  |TAMS 0x0000000084900000| PB 0x0000000084900000| Untracked 
|  74|0x0000000084a00000, 0x0000000084a00000, 0x0000000084b00000|  0%| F|  |TAMS 0x0000000084a00000| PB 0x0000000084a00000| Untracked 
|  75|0x0000000084b00000, 0x0000000084b00000, 0x0000000084c00000|  0%| F|  |TAMS 0x0000000084b00000| PB 0x0000000084b00000| Untracked 
|  76|0x0000000084c00000, 0x0000000084c00000, 0x0000000084d00000|  0%| F|  |TAMS 0x0000000084c00000| PB 0x0000000084c00000| Untracked 
| 189|0x000000008bd00000, 0x000000008bd00000, 0x000000008be00000|  0%| F|  |TAMS 0x000000008bd00000| PB 0x000000008bd00000| Untracked 
| 190|0x000000008be00000, 0x000000008be00000, 0x000000008bf00000|  0%| F|  |TAMS 0x000000008be00000| PB 0x000000008be00000| Untracked 
| 191|0x000000008bf00000, 0x000000008bf00000, 0x000000008c000000|  0%| F|  |TAMS 0x000000008bf00000| PB 0x000000008bf00000| Untracked 
| 192|0x000000008c000000, 0x000000008c000000, 0x000000008c100000|  0%| F|  |TAMS 0x000000008c000000| PB 0x000000008c000000| Untracked 
| 193|0x000000008c100000, 0x000000008c100000, 0x000000008c200000|  0%| F|  |TAMS 0x000000008c100000| PB 0x000000008c100000| Untracked 
| 194|0x000000008c200000, 0x000000008c200000, 0x000000008c300000|  0%| F|  |TAMS 0x000000008c200000| PB 0x000000008c200000| Untracked 
| 195|0x000000008c300000, 0x000000008c300000, 0x000000008c400000|  0%| F|  |TAMS 0x000000008c300000| PB 0x000000008c300000| Untracked 
| 196|0x000000008c400000, 0x000000008c400000, 0x000000008c500000|  0%| F|  |TAMS 0x000000008c400000| PB 0x000000008c400000| Untracked 
| 197|0x000000008c500000, 0x000000008c500000, 0x000000008c600000|  0%| F|  |TAMS 0x000000008c500000| PB 0x000000008c500000| Untracked 
| 198|0x000000008c600000, 0x000000008c600000, 0x000000008c700000|  0%| F|  |TAMS 0x000000008c600000| PB 0x000000008c600000| Untracked 
| 221|0x000000008dd00000, 0x000000008dd00000, 0x000000008de00000|  0%| F|  |TAMS 0x000000008dd00000| PB 0x000000008dd00000| Untracked 
|2043|0x00000000ffb00000, 0x00000000ffc00000, 0x00000000ffc00000|100%| O|  |TAMS 0x00000000ffc00000| PB 0x00000000ffb00000| Untracked 
|2044|0x00000000ffc00000, 0x00000000ffd00000, 0x00000000ffd00000|100%| O|  |TAMS 0x00000000ffd00000| PB 0x00000000ffc00000| Untracked 
|2045|0x00000000ffd00000, 0x00000000ffe00000, 0x00000000ffe00000|100%| O|  |TAMS 0x00000000ffe00000| PB 0x00000000ffd00000| Untracked 
|2046|0x00000000ffe00000, 0x00000000fff00000, 0x00000000fff00000|100%| O|  |TAMS 0x00000000fff00000| PB 0x00000000ffe00000| Untracked 
|2047|0x00000000fff00000, 0x0000000100000000, 0x0000000100000000|100%| O|  |TAMS 0x0000000100000000| PB 0x00000000fff00000| Untracked 

Card table byte_map: [0x00000183c65c0000,0x00000183c69c0000] _byte_map_base: 0x00000183c61c0000

Marking Bits: (CMBitMap*) 0x00000183b3da56d0
 Bits: [0x00000183c69c0000, 0x00000183c89c0000)

Polling page: 0x00000183b1cc0000

Metaspace:

Usage:
  Non-class:     54.06 MB used.
      Class:      8.42 MB used.
       Both:     62.48 MB used.

Virtual space:
  Non-class space:       64.00 MB reserved,      54.88 MB ( 86%) committed,  1 nodes.
      Class space:        1.00 GB reserved,       9.25 MB ( <1%) committed,  1 nodes.
             Both:        1.06 GB reserved,      64.12 MB (  6%) committed. 

Chunk freelists:
   Non-Class:  8.62 MB
       Class:  6.79 MB
        Both:  15.41 MB

MaxMetaspaceSize: unlimited
CompressedClassSpaceSize: 1.00 GB
Initial GC threshold: 21.00 MB
Current GC threshold: 99.00 MB
CDS: off
 - commit_granule_bytes: 65536.
 - commit_granule_words: 8192.
 - virtual_space_node_default_size: 8388608.
 - enlarge_chunks_in_place: 1.
 - use_allocation_guard: 0.


Internal statistics:

num_allocs_failed_limit: 12.
num_arena_births: 3016.
num_arena_deaths: 0.
num_vsnodes_births: 2.
num_vsnodes_deaths: 0.
num_space_committed: 1026.
num_space_uncommitted: 0.
num_chunks_returned_to_freelist: 12.
num_chunks_taken_from_freelist: 5629.
num_chunk_merges: 12.
num_chunk_splits: 3614.
num_chunks_enlarged: 2191.
num_inconsistent_stats: 0.

CodeHeap 'non-profiled nmethods': size=120000Kb used=3889Kb max_used=3889Kb free=116110Kb
 bounds [0x00000183be960000, 0x00000183bed30000, 0x00000183c5e90000]
CodeHeap 'profiled nmethods': size=120000Kb used=14168Kb max_used=14168Kb free=105831Kb
 bounds [0x00000183b6e90000, 0x00000183b7c70000, 0x00000183be3c0000]
CodeHeap 'non-nmethods': size=5760Kb used=2721Kb max_used=2774Kb free=3038Kb
 bounds [0x00000183be3c0000, 0x00000183be680000, 0x00000183be960000]
 total_blobs=8272 nmethods=7401 adapters=773
 compilation: enabled
              stopped_count=0, restarted_count=0
 full_count=0

Compilation events (20 events):
Event: 14.133 Thread 0x00000183cb6609c0 7973       3       java.nio.file.FileTreeWalker::<init> (144 bytes)
Event: 14.133 Thread 0x00000183cb6609c0 nmethod 7973 0x00000183b7c5fd90 code [0x00000183b7c60020, 0x00000183b7c60eb0]
Event: 14.133 Thread 0x00000183cb6609c0 7988       3       org.gradle.internal.execution.steps.IdentityCacheStep$$Lambda/0x000000010092c000::apply (5 bytes)
Event: 14.133 Thread 0x00000183cb6609c0 nmethod 7988 0x00000183b7c61310 code [0x00000183b7c614a0, 0x00000183b7c61608]
Event: 14.133 Thread 0x00000183cb6609c0 7989       3       org.gradle.api.internal.artifacts.transform.AbstractTransformExecution::loadAlreadyProducedOutput (24 bytes)
Event: 14.134 Thread 0x00000183cb6609c0 nmethod 7989 0x00000183b7c61710 code [0x00000183b7c61920, 0x00000183b7c61e48]
Event: 14.134 Thread 0x00000183cb6609c0 7990       3       sun.nio.fs.WindowsSecurityDescriptor::address (19 bytes)
Event: 14.134 Thread 0x00000183cb6609c0 nmethod 7990 0x00000183b7c62090 code [0x00000183b7c62240, 0x00000183b7c62400]
Event: 14.134 Thread 0x00000183cb6609c0 7991       3       org.gradle.internal.file.impl.DefaultFileMetadata::directory (52 bytes)
Event: 14.134 Thread 0x00000183cb6609c0 nmethod 7991 0x00000183b7c62510 code [0x00000183b7c626e0, 0x00000183b7c62990]
Event: 14.136 Thread 0x00000183cb6609c0 7992   !   3       java.io.BufferedReader::implClose (42 bytes)
Event: 14.136 Thread 0x00000183cb6609c0 nmethod 7992 0x00000183b7c62b10 code [0x00000183b7c62cc0, 0x00000183b7c62ff8]
Event: 14.140 Thread 0x00000183cb6609c0 7993       3       java.util.Collections::singleton (9 bytes)
Event: 14.141 Thread 0x00000183cb6609c0 nmethod 7993 0x00000183b7c63110 code [0x00000183b7c632c0, 0x00000183b7c635d0]
Event: 14.141 Thread 0x00000183cb6609c0 7994       3       java.util.Collections$SingletonSet::<init> (10 bytes)
Event: 14.141 Thread 0x00000183cb6609c0 nmethod 7994 0x00000183b7c63710 code [0x00000183b7c638c0, 0x00000183b7c63b40]
Event: 14.169 Thread 0x00000183cb6609c0 7995       3       org.gradle.api.internal.artifacts.transform.TransformExecutionResult$Builder$ProducedOutputOnlyResult::resolveForWorkspace (54 bytes)
Event: 14.171 Thread 0x00000183cb6609c0 nmethod 7995 0x00000183b7c63c90 code [0x00000183b7c63fe0, 0x00000183b7c65608]
Event: 14.171 Thread 0x00000183cb6609c0 7996       3       org.gradle.api.internal.artifacts.transform.TransformExecutionResult$Builder$ProducedOutputOnlyResult$$Lambda/0x0000000100936000::<init> (10 bytes)
Event: 14.171 Thread 0x00000183cb6609c0 nmethod 7996 0x00000183b7c65d10 code [0x00000183b7c65ea0, 0x00000183b7c66058]

GC Heap History (20 events):
Event: 3.452 GC heap after
{Heap after GC invocations=4 (full 0):
 garbage-first heap   total 227328K, used 21590K [0x0000000080000000, 0x0000000100000000)
  region size 1024K, 10 young (10240K), 10 survivors (10240K)
 Metaspace       used 21148K, committed 21504K, reserved 1114112K
  class space    used 2442K, committed 2624K, reserved 1048576K
}
Event: 4.693 GC heap before
{Heap before GC invocations=5 (full 0):
 garbage-first heap   total 75776K, used 73814K [0x0000000080000000, 0x0000000100000000)
  region size 1024K, 62 young (63488K), 10 survivors (10240K)
 Metaspace       used 29716K, committed 30336K, reserved 1114112K
  class space    used 3797K, committed 4096K, reserved 1048576K
}
Event: 4.701 GC heap after
{Heap after GC invocations=6 (full 0):
 garbage-first heap   total 90112K, used 24519K [0x0000000080000000, 0x0000000100000000)
  region size 1024K, 11 young (11264K), 11 survivors (11264K)
 Metaspace       used 29716K, committed 30336K, reserved 1114112K
  class space    used 3797K, committed 4096K, reserved 1048576K
}
Event: 5.622 GC heap before
{Heap before GC invocations=6 (full 0):
 garbage-first heap   total 90112K, used 64455K [0x0000000080000000, 0x0000000100000000)
  region size 1024K, 51 young (52224K), 11 survivors (11264K)
 Metaspace       used 35175K, committed 35968K, reserved 1114112K
  class space    used 4711K, committed 5120K, reserved 1048576K
}
Event: 5.627 GC heap after
{Heap after GC invocations=7 (full 0):
 garbage-first heap   total 90112K, used 26846K [0x0000000080000000, 0x0000000100000000)
  region size 1024K, 6 young (6144K), 6 survivors (6144K)
 Metaspace       used 35175K, committed 35968K, reserved 1114112K
  class space    used 4711K, committed 5120K, reserved 1048576K
}
Event: 5.668 GC heap before
{Heap before GC invocations=7 (full 0):
 garbage-first heap   total 90112K, used 28894K [0x0000000080000000, 0x0000000100000000)
  region size 1024K, 9 young (9216K), 6 survivors (6144K)
 Metaspace       used 35431K, committed 36288K, reserved 1114112K
  class space    used 4755K, committed 5184K, reserved 1048576K
}
Event: 5.671 GC heap after
{Heap after GC invocations=8 (full 0):
 garbage-first heap   total 90112K, used 26788K [0x0000000080000000, 0x0000000100000000)
  region size 1024K, 3 young (3072K), 3 survivors (3072K)
 Metaspace       used 35431K, committed 36288K, reserved 1114112K
  class space    used 4755K, committed 5184K, reserved 1048576K
}
Event: 7.443 GC heap before
{Heap before GC invocations=9 (full 0):
 garbage-first heap   total 90112K, used 75940K [0x0000000080000000, 0x0000000100000000)
  region size 1024K, 52 young (53248K), 3 survivors (3072K)
 Metaspace       used 44495K, committed 45696K, reserved 1114112K
  class space    used 5971K, committed 6592K, reserved 1048576K
}
Event: 7.449 GC heap after
{Heap after GC invocations=10 (full 0):
 garbage-first heap   total 90112K, used 30735K [0x0000000080000000, 0x0000000100000000)
  region size 1024K, 7 young (7168K), 7 survivors (7168K)
 Metaspace       used 44495K, committed 45696K, reserved 1114112K
  class space    used 5971K, committed 6592K, reserved 1048576K
}
Event: 9.120 GC heap before
{Heap before GC invocations=10 (full 0):
 garbage-first heap   total 90112K, used 80911K [0x0000000080000000, 0x0000000100000000)
  region size 1024K, 52 young (53248K), 7 survivors (7168K)
 Metaspace       used 48779K, committed 50048K, reserved 1114112K
  class space    used 6479K, committed 7104K, reserved 1048576K
}
Event: 9.132 GC heap after
{Heap after GC invocations=11 (full 0):
 garbage-first heap   total 95232K, used 34894K [0x0000000080000000, 0x0000000100000000)
  region size 1024K, 5 young (5120K), 5 survivors (5120K)
 Metaspace       used 48779K, committed 50048K, reserved 1114112K
  class space    used 6479K, committed 7104K, reserved 1048576K
}
Event: 10.571 GC heap before
{Heap before GC invocations=11 (full 0):
 garbage-first heap   total 95232K, used 81998K [0x0000000080000000, 0x0000000100000000)
  region size 1024K, 51 young (52224K), 5 survivors (5120K)
 Metaspace       used 53422K, committed 54848K, reserved 1114112K
  class space    used 7189K, committed 7872K, reserved 1048576K
}
Event: 10.576 GC heap after
{Heap after GC invocations=12 (full 0):
 garbage-first heap   total 95232K, used 38008K [0x0000000080000000, 0x0000000100000000)
  region size 1024K, 4 young (4096K), 4 survivors (4096K)
 Metaspace       used 53422K, committed 54848K, reserved 1114112K
  class space    used 7189K, committed 7872K, reserved 1048576K
}
Event: 11.576 GC heap before
{Heap before GC invocations=12 (full 0):
 garbage-first heap   total 95232K, used 74872K [0x0000000080000000, 0x0000000100000000)
  region size 1024K, 40 young (40960K), 4 survivors (4096K)
 Metaspace       used 59135K, committed 60608K, reserved 1114112K
  class space    used 7968K, committed 8704K, reserved 1048576K
}
Event: 11.581 GC heap after
{Heap after GC invocations=13 (full 0):
 garbage-first heap   total 95232K, used 40036K [0x0000000080000000, 0x0000000100000000)
  region size 1024K, 2 young (2048K), 2 survivors (2048K)
 Metaspace       used 59135K, committed 60608K, reserved 1114112K
  class space    used 7968K, committed 8704K, reserved 1048576K
}
Event: 13.125 GC heap before
{Heap before GC invocations=14 (full 0):
 garbage-first heap   total 95232K, used 84068K [0x0000000080000000, 0x0000000100000000)
  region size 1024K, 45 young (46080K), 2 survivors (2048K)
 Metaspace       used 62861K, committed 64512K, reserved 1114112K
  class space    used 8542K, committed 9344K, reserved 1048576K
}
Event: 13.131 GC heap after
{Heap after GC invocations=15 (full 0):
 garbage-first heap   total 95232K, used 44820K [0x0000000080000000, 0x0000000100000000)
  region size 1024K, 6 young (6144K), 6 survivors (6144K)
 Metaspace       used 62861K, committed 64512K, reserved 1114112K
  class space    used 8542K, committed 9344K, reserved 1048576K
}
Event: 13.763 GC heap before
{Heap before GC invocations=15 (full 0):
 garbage-first heap   total 95232K, used 81684K [0x0000000080000000, 0x0000000100000000)
  region size 1024K, 43 young (44032K), 6 survivors (6144K)
 Metaspace       used 63811K, committed 65472K, reserved 1114112K
  class space    used 8621K, committed 9472K, reserved 1048576K
}
Event: 13.770 GC heap after
{Heap after GC invocations=16 (full 0):
 garbage-first heap   total 95232K, used 47227K [0x0000000080000000, 0x0000000100000000)
  region size 1024K, 3 young (3072K), 3 survivors (3072K)
 Metaspace       used 63811K, committed 65472K, reserved 1114112K
  class space    used 8621K, committed 9472K, reserved 1048576K
}
Event: 14.209 GC heap before
{Heap before GC invocations=16 (full 0):
 garbage-first heap   total 95232K, used 84091K [0x0000000080000000, 0x0000000100000000)
  region size 1024K, 40 young (40960K), 3 survivors (3072K)
 Metaspace       used 63981K, committed 65664K, reserved 1114112K
  class space    used 8621K, committed 9472K, reserved 1048576K
}

Dll operation events (3 events):
Event: 0.010 Loaded shared library C:\Program Files\Android\Android Studio\jbr\bin\java.dll
Event: 0.017 Loaded shared library C:\Program Files\Android\Android Studio\jbr\bin\zip.dll
Event: 0.784 Loaded shared library C:\Program Files\Android\Android Studio\jbr\bin\verify.dll

Deoptimization events (20 events):
Event: 13.812 Thread 0x00000183d3e67000 Uncommon trap: trap_request=0xffffffd6 fr.pc=0x00000183bed0e06c relative=0x000000000000050c
Event: 13.812 Thread 0x00000183d3e67000 Uncommon trap: reason=array_check action=maybe_recompile pc=0x00000183bed0e06c method=com.google.common.collect.ImmutableMap$Builder.put(Ljava/lang/Object;Ljava/lang/Object;)Lcom/google/common/collect/ImmutableMap$Builder; @ 32 c2
Event: 13.812 Thread 0x00000183d3e67000 DEOPT PACKING pc=0x00000183bed0e06c sp=0x00000060297fce30
Event: 13.812 Thread 0x00000183d3e67000 DEOPT UNPACKING pc=0x00000183be4146a2 sp=0x00000060297fce00 mode 2
Event: 13.812 Thread 0x00000183d3e67000 Uncommon trap: trap_request=0xffffffd6 fr.pc=0x00000183bed0e06c relative=0x000000000000050c
Event: 13.812 Thread 0x00000183d3e67000 Uncommon trap: reason=array_check action=maybe_recompile pc=0x00000183bed0e06c method=com.google.common.collect.ImmutableMap$Builder.put(Ljava/lang/Object;Ljava/lang/Object;)Lcom/google/common/collect/ImmutableMap$Builder; @ 32 c2
Event: 13.812 Thread 0x00000183d3e67000 DEOPT PACKING pc=0x00000183bed0e06c sp=0x00000060297fce30
Event: 13.812 Thread 0x00000183d3e67000 DEOPT UNPACKING pc=0x00000183be4146a2 sp=0x00000060297fce00 mode 2
Event: 13.990 Thread 0x00000183d3e67000 Uncommon trap: trap_request=0xffffff45 fr.pc=0x00000183bea4b1bc relative=0x000000000000131c
Event: 13.990 Thread 0x00000183d3e67000 Uncommon trap: reason=unstable_if action=reinterpret pc=0x00000183bea4b1bc method=java.util.concurrent.ConcurrentHashMap.transfer([Ljava/util/concurrent/ConcurrentHashMap$Node;[Ljava/util/concurrent/ConcurrentHashMap$Node;)V @ 347 c2
Event: 13.990 Thread 0x00000183d3e67000 DEOPT PACKING pc=0x00000183bea4b1bc sp=0x00000060297fddd0
Event: 13.990 Thread 0x00000183d3e67000 DEOPT UNPACKING pc=0x00000183be4146a2 sp=0x00000060297fdd60 mode 2
Event: 14.000 Thread 0x00000183d3e69df0 Uncommon trap: trap_request=0xffffff45 fr.pc=0x00000183becfdf4c relative=0x000000000000026c
Event: 14.000 Thread 0x00000183d3e69df0 Uncommon trap: reason=unstable_if action=reinterpret pc=0x00000183becfdf4c method=java.util.concurrent.ConcurrentHashMap.addCount(JI)V @ 171 c2
Event: 14.000 Thread 0x00000183d3e69df0 DEOPT PACKING pc=0x00000183becfdf4c sp=0x0000006029bfe0c0
Event: 14.000 Thread 0x00000183d3e69df0 DEOPT UNPACKING pc=0x00000183be4146a2 sp=0x0000006029bfe000 mode 2
Event: 14.003 Thread 0x00000183d3e6ab10 Uncommon trap: trap_request=0xffffff45 fr.pc=0x00000183bea2e9f0 relative=0x00000000000011d0
Event: 14.003 Thread 0x00000183d3e6ab10 Uncommon trap: reason=unstable_if action=reinterpret pc=0x00000183bea2e9f0 method=java.util.concurrent.ConcurrentHashMap.transfer([Ljava/util/concurrent/ConcurrentHashMap$Node;[Ljava/util/concurrent/ConcurrentHashMap$Node;)V @ 273 c2
Event: 14.003 Thread 0x00000183d3e6ab10 DEOPT PACKING pc=0x00000183bea2e9f0 sp=0x00000060296fe080
Event: 14.003 Thread 0x00000183d3e6ab10 DEOPT UNPACKING pc=0x00000183be4146a2 sp=0x00000060296fe008 mode 2

Classes loaded (20 events):
Event: 11.856 Loading class sun/reflect/ReflectionFactory
Event: 11.857 Loading class sun/reflect/ReflectionFactory done
Event: 11.857 Loading class sun/reflect/ReflectionFactory$1
Event: 11.857 Loading class sun/reflect/ReflectionFactory$1 done
Event: 12.768 Loading class java/util/Collections$ReverseComparator
Event: 12.768 Loading class java/util/Collections$ReverseComparator done
Event: 12.768 Loading class java/util/Collections$ReverseComparator2
Event: 12.768 Loading class java/util/Collections$ReverseComparator2 done
Event: 13.060 Loading class java/util/stream/DistinctOps
Event: 13.060 Loading class java/util/stream/DistinctOps done
Event: 13.060 Loading class java/util/stream/DistinctOps$1
Event: 13.061 Loading class java/util/stream/DistinctOps$1 done
Event: 13.061 Loading class java/util/stream/DistinctOps$1$2
Event: 13.061 Loading class java/util/stream/DistinctOps$1$2 done
Event: 13.231 Loading class java/util/concurrent/LinkedBlockingDeque$Itr
Event: 13.231 Loading class java/util/concurrent/LinkedBlockingDeque$AbstractItr
Event: 13.236 Loading class java/util/concurrent/LinkedBlockingDeque$AbstractItr done
Event: 13.236 Loading class java/util/concurrent/LinkedBlockingDeque$Itr done
Event: 13.590 Loading class java/lang/foreign/MemorySegment
Event: 13.592 Loading class java/lang/foreign/MemorySegment done

Classes unloaded (0 events):
No events

Classes redefined (0 events):
No events

Internal exceptions (20 events):
Event: 11.835 Thread 0x00000183d1a87c60 Exception <a 'java/lang/NoSuchMethodError'{0x000000008bfe4820}: static Lorg/gradle/api/internal/catalog/VersionModel;.<clinit>()V> (0x000000008bfe4820) 
thrown [s\src\hotspot\share\prims\jni.cpp, line 1135]
Event: 11.839 Thread 0x00000183d1a87c60 Exception <a 'java/lang/NoSuchMethodError'{0x000000008be07aa0}: 'void java.lang.invoke.DirectMethodHandle$Holder.invokeSpecial(java.lang.Object, java.lang.Object, java.lang.Object, int)'> (0x000000008be07aa0) 
thrown [s\src\hotspot\share\interpreter\linkResolver.cpp, line 784]
Event: 11.873 Thread 0x00000183d1a87c60 Exception <a 'java/lang/ClassNotFoundException'{0x000000008bee1080}: org/gradle/plugin/use/internal/PluginRequestCollector$PluginDependencySpecImplBeanInfo> (0x000000008bee1080) 
thrown [s\src\hotspot\share\classfile\systemDictionary.cpp, line 312]
Event: 11.874 Thread 0x00000183d1a87c60 Exception <a 'java/lang/ClassNotFoundException'{0x000000008bef2150}: org/gradle/plugin/use/internal/PluginRequestCollector$PluginDependencySpecImplCustomizer> (0x000000008bef2150) 
thrown [s\src\hotspot\share\classfile\systemDictionary.cpp, line 312]
Event: 11.966 Thread 0x00000183d1a87c60 Exception <a 'java/lang/NoSuchMethodError'{0x0000000084a4d718}: 'int java.lang.invoke.DirectMethodHandle$Holder.invokeSpecialIFC(java.lang.Object, java.lang.Object, java.lang.Object)'> (0x0000000084a4d718) 
thrown [s\src\hotspot\share\interpreter\linkResolver.cpp, line 784]
Event: 12.070 Thread 0x00000183d1a87c60 Exception <a 'java/lang/NoSuchMethodError'{0x00000000847de268}: 'java.lang.Object java.lang.invoke.DirectMethodHandle$Holder.invokeSpecial(java.lang.Object, java.lang.Object, java.lang.Object, java.lang.Object, java.lang.Object, long)'> (0x00000000847de268) 
thrown [s\src\hotspot\share\interpreter\linkResolver.cpp, line 784]
Event: 12.073 Thread 0x00000183d1a87c60 Exception <a 'java/lang/NoSuchMethodError'{0x00000000847fdc80}: 'void java.lang.invoke.DirectMethodHandle$Holder.invokeStatic(java.lang.Object, java.lang.Object, java.lang.Object, int, java.lang.Object)'> (0x00000000847fdc80) 
thrown [s\src\hotspot\share\interpreter\linkResolver.cpp, line 784]
Event: 12.228 Thread 0x00000183d1a87c60 Exception <a 'java/lang/NoSuchMethodError'{0x0000000084141290}: 'int java.lang.invoke.DirectMethodHandle$Holder.invokeInterface(java.lang.Object, java.lang.Object, java.lang.Object, java.lang.Object)'> (0x0000000084141290) 
thrown [s\src\hotspot\share\interpreter\linkResolver.cpp, line 784]
Event: 12.275 Thread 0x00000183d1a87c60 Exception <a 'java/lang/NoSuchMethodError'{0x00000000840e1bf0}: 'java.lang.Object java.lang.invoke.DirectMethodHandle$Holder.invokeStatic(java.lang.Object, long, java.lang.Object)'> (0x00000000840e1bf0) 
thrown [s\src\hotspot\share\interpreter\linkResolver.cpp, line 784]
Event: 12.275 Thread 0x00000183d1a87c60 Exception <a 'java/lang/NoSuchMethodError'{0x00000000840e8b68}: 'java.lang.Object java.lang.invoke.DirectMethodHandle$Holder.newInvokeSpecial(java.lang.Object, long)'> (0x00000000840e8b68) 
thrown [s\src\hotspot\share\interpreter\linkResolver.cpp, line 784]
Event: 12.284 Thread 0x00000183d1a87c60 Exception <a 'java/lang/NoSuchMethodError'{0x0000000083f42ea8}: 'java.lang.Object java.lang.invoke.DirectMethodHandle$Holder.newInvokeSpecial(java.lang.Object, java.lang.Object, java.lang.Object, java.lang.Object, java.lang.Object, long)'> (0x0000000083f42ea8) 
thrown [s\src\hotspot\share\interpreter\linkResolver.cpp, line 784]
Event: 12.285 Thread 0x00000183d1a87c60 Exception <a 'java/lang/NoSuchMethodError'{0x0000000083f47af0}: 'java.lang.Object java.lang.invoke.DirectMethodHandle$Holder.invokeSpecial(java.lang.Object, java.lang.Object, java.lang.Object, java.lang.Object, java.lang.Object, java.lang.Object, long)'> (0x0000000083f47af0) 
thrown [s\src\hotspot\share\interpreter\linkResolver.cpp, line 784]
Event: 12.285 Thread 0x00000183d1a87c60 Exception <a 'java/lang/NoSuchMethodError'{0x0000000083f4c088}: 'java.lang.Object java.lang.invoke.Invokers$Holder.linkToTargetMethod(java.lang.Object, java.lang.Object, java.lang.Object, java.lang.Object, long, java.lang.Object)'> (0x0000000083f4c088) 
thrown [s\src\hotspot\share\interpreter\linkResolver.cpp, line 784]
Event: 12.292 Thread 0x00000183d1a87c60 Exception <a 'java/lang/NoSuchMethodError'{0x0000000083f93db8}: 'java.lang.Object java.lang.invoke.DirectMethodHandle$Holder.newInvokeSpecial(java.lang.Object, java.lang.Object, java.lang.Object, long)'> (0x0000000083f93db8) 
thrown [s\src\hotspot\share\interpreter\linkResolver.cpp, line 784]
Event: 12.292 Thread 0x00000183d1a87c60 Exception <a 'java/lang/NoSuchMethodError'{0x0000000083f98b30}: 'java.lang.Object java.lang.invoke.DirectMethodHandle$Holder.invokeSpecial(java.lang.Object, java.lang.Object, java.lang.Object, java.lang.Object, long)'> (0x0000000083f98b30) 
thrown [s\src\hotspot\share\interpreter\linkResolver.cpp, line 784]
Event: 12.293 Thread 0x00000183d1a87c60 Exception <a 'java/lang/NoSuchMethodError'{0x0000000083f9cca8}: 'java.lang.Object java.lang.invoke.Invokers$Holder.linkToTargetMethod(java.lang.Object, java.lang.Object, long, java.lang.Object)'> (0x0000000083f9cca8) 
thrown [s\src\hotspot\share\interpreter\linkResolver.cpp, line 784]
Event: 12.347 Thread 0x00000183d1a87c60 Exception <a 'java/lang/NoSuchMethodError'{0x0000000083d4d080}: 'java.lang.Object java.lang.invoke.DirectMethodHandle$Holder.invokeSpecial(java.lang.Object, java.lang.Object, long, java.lang.Object, java.lang.Object)'> (0x0000000083d4d080) 
thrown [s\src\hotspot\share\interpreter\linkResolver.cpp, line 784]
Event: 13.099 Thread 0x00000183d1a87c60 Exception <a 'java/lang/NoSuchMethodError'{0x0000000082b0fcb8}: 'java.lang.Object java.lang.invoke.DirectMethodHandle$Holder.newInvokeSpecial(java.lang.Object, java.lang.Object, java.lang.Object, java.lang.Object, int, java.lang.Object)'> (0x0000000082b0fcb8) 
thrown [s\src\hotspot\share\interpreter\linkResolver.cpp, line 784]
Event: 13.100 Thread 0x00000183d1a87c60 Exception <a 'java/lang/NoSuchMethodError'{0x0000000082b182b8}: 'java.lang.Object java.lang.invoke.Invokers$Holder.linkToTargetMethod(java.lang.Object, java.lang.Object, java.lang.Object, int, java.lang.Object, java.lang.Object)'> (0x0000000082b182b8) 
thrown [s\src\hotspot\share\interpreter\linkResolver.cpp, line 784]
Event: 13.545 Thread 0x00000183d1a87c60 Exception <a 'java/lang/NoSuchMethodError'{0x00000000842fd2c0}: 'java.lang.Object java.lang.invoke.DirectMethodHandle$Holder.invokeSpecialIFC(java.lang.Object, java.lang.Object, java.lang.Object)'> (0x00000000842fd2c0) 
thrown [s\src\hotspot\share\interpreter\linkResolver.cpp, line 784]

ZGC Phase Switch (0 events):
No events

VM Operations (20 events):
Event: 12.227 Executing VM operation: HandshakeAllThreads (Deoptimize) done
Event: 12.343 Executing VM operation: ICBufferFull
Event: 12.343 Executing VM operation: ICBufferFull done
Event: 12.801 Executing VM operation: ICBufferFull
Event: 12.801 Executing VM operation: ICBufferFull done
Event: 12.856 Executing VM operation: HandshakeAllThreads (Deoptimize)
Event: 12.856 Executing VM operation: HandshakeAllThreads (Deoptimize) done
Event: 13.069 Executing VM operation: ICBufferFull
Event: 13.069 Executing VM operation: ICBufferFull done
Event: 13.125 Executing VM operation: G1CollectForAllocation (G1 Evacuation Pause)
Event: 13.131 Executing VM operation: G1CollectForAllocation (G1 Evacuation Pause) done
Event: 13.251 Executing VM operation: HandshakeAllThreads (Deoptimize)
Event: 13.251 Executing VM operation: HandshakeAllThreads (Deoptimize) done
Event: 13.332 Executing VM operation: ICBufferFull
Event: 13.333 Executing VM operation: ICBufferFull done
Event: 13.589 Executing VM operation: ICBufferFull
Event: 13.590 Executing VM operation: ICBufferFull done
Event: 13.762 Executing VM operation: G1CollectForAllocation (G1 Evacuation Pause)
Event: 13.770 Executing VM operation: G1CollectForAllocation (G1 Evacuation Pause) done
Event: 14.209 Executing VM operation: G1CollectForAllocation (G1 Evacuation Pause)

Memory protections (0 events):
No events

Nmethod flushes (20 events):
Event: 11.615 Thread 0x00000183cb589090 flushing  nmethod 0x00000183b7043f90
Event: 11.615 Thread 0x00000183cb589090 flushing  nmethod 0x00000183b7044c90
Event: 11.615 Thread 0x00000183cb589090 flushing  nmethod 0x00000183b7045090
Event: 11.615 Thread 0x00000183cb589090 flushing  nmethod 0x00000183b704d990
Event: 11.615 Thread 0x00000183cb589090 flushing  nmethod 0x00000183b70e5e90
Event: 11.615 Thread 0x00000183cb589090 flushing  nmethod 0x00000183b70e9210
Event: 11.615 Thread 0x00000183cb589090 flushing  nmethod 0x00000183b7168890
Event: 11.615 Thread 0x00000183cb589090 flushing  nmethod 0x00000183b7170110
Event: 11.615 Thread 0x00000183cb589090 flushing  nmethod 0x00000183b71d4e10
Event: 11.615 Thread 0x00000183cb589090 flushing  nmethod 0x00000183b723e290
Event: 11.615 Thread 0x00000183cb589090 flushing  nmethod 0x00000183b7240210
Event: 11.615 Thread 0x00000183cb589090 flushing  nmethod 0x00000183b7241310
Event: 11.615 Thread 0x00000183cb589090 flushing  nmethod 0x00000183b727ff10
Event: 11.615 Thread 0x00000183cb589090 flushing  nmethod 0x00000183b72cbc10
Event: 11.615 Thread 0x00000183cb589090 flushing  nmethod 0x00000183b7250f90
Event: 11.615 Thread 0x00000183cb589090 flushing  nmethod 0x00000183b7252c90
Event: 11.615 Thread 0x00000183cb589090 flushing  nmethod 0x00000183b7253610
Event: 11.615 Thread 0x00000183cb589090 flushing  nmethod 0x00000183b7254e10
Event: 11.615 Thread 0x00000183cb589090 flushing  nmethod 0x00000183b7360710
Event: 11.615 Thread 0x00000183cb589090 flushing  nmethod 0x00000183b7365810

Events (20 events):
Event: 12.921 Thread 0x00000183d1a87c60 Thread added: 0x00000183d235ec70
Event: 12.922 Thread 0x00000183d1a87c60 Thread added: 0x00000183d2360d40
Event: 12.922 Thread 0x00000183d1a87c60 Thread added: 0x00000183d2365570
Event: 12.922 Thread 0x00000183d1a87c60 Thread added: 0x00000183d2362780
Event: 12.923 Thread 0x00000183d1a87c60 Thread added: 0x00000183d2361a60
Event: 12.923 Thread 0x00000183d1a87c60 Thread added: 0x00000183d3e6b1a0
Event: 13.152 Thread 0x00000183d1a87c60 Thread added: 0x00000183d3e6bec0
Event: 13.155 Thread 0x00000183d1a87c60 Thread added: 0x00000183d3e6b830
Event: 13.157 Thread 0x00000183d1a87c60 Thread added: 0x00000183d3e67d20
Event: 13.158 Thread 0x00000183d1a87c60 Thread added: 0x00000183d3e65c50
Event: 13.162 Thread 0x00000183d1a87c60 Thread added: 0x00000183d3e66970
Event: 13.164 Thread 0x00000183d1a87c60 Thread added: 0x00000183d3e683b0
Event: 13.168 Thread 0x00000183d1a87c60 Thread added: 0x00000183d3e655c0
Event: 13.547 Thread 0x00000183d1a87c60 Thread added: 0x00000183d3e68a40
Event: 13.548 Thread 0x00000183d1a87c60 Thread added: 0x00000183d3e6ab10
Event: 13.549 Thread 0x00000183d1a87c60 Thread added: 0x00000183d3e67000
Event: 13.550 Thread 0x00000183d1a87c60 Thread added: 0x00000183d3e690d0
Event: 13.551 Thread 0x00000183d1a87c60 Thread added: 0x00000183d3e67690
Event: 13.552 Thread 0x00000183d1a87c60 Thread added: 0x00000183d3e69760
Event: 13.553 Thread 0x00000183d1a87c60 Thread added: 0x00000183d3e69df0


Dynamic libraries:
0x00007ff6c8690000 - 0x00007ff6c869a000 	C:\Program Files\Android\Android Studio\jbr\bin\java.exe
0x00007fffd1bf0000 - 0x00007fffd1e07000 	C:\Windows\SYSTEM32\ntdll.dll
0x00007fffd10d0000 - 0x00007fffd1194000 	C:\Windows\System32\KERNEL32.DLL
0x00007fffcf280000 - 0x00007fffcf650000 	C:\Windows\System32\KERNELBASE.dll
0x00007fffceea0000 - 0x00007fffcefb1000 	C:\Windows\System32\ucrtbase.dll
0x00007fffbbe30000 - 0x00007fffbbe4b000 	C:\Program Files\Android\Android Studio\jbr\bin\VCRUNTIME140.dll
0x00007fffca120000 - 0x00007fffca138000 	C:\Program Files\Android\Android Studio\jbr\bin\jli.dll
0x00007fffd1600000 - 0x00007fffd17ae000 	C:\Windows\System32\USER32.dll
0x00007fffcf650000 - 0x00007fffcf676000 	C:\Windows\System32\win32u.dll
0x00007fffbdf60000 - 0x00007fffbe1f2000 	C:\Windows\WinSxS\amd64_microsoft.windows.common-controls_6595b64144ccf1df_6.0.22621.4830_none_270fe7d773858e80\COMCTL32.dll
0x00007fffd17b0000 - 0x00007fffd1857000 	C:\Windows\System32\msvcrt.dll
0x00007fffd1860000 - 0x00007fffd1889000 	C:\Windows\System32\GDI32.dll
0x00007fffcf7c0000 - 0x00007fffcf8db000 	C:\Windows\System32\gdi32full.dll
0x00007fffcf070000 - 0x00007fffcf10a000 	C:\Windows\System32\msvcp_win.dll
0x00007fffcfdc0000 - 0x00007fffcfdf1000 	C:\Windows\System32\IMM32.DLL
0x00007fffcaf20000 - 0x00007fffcaf2c000 	C:\Program Files\Android\Android Studio\jbr\bin\vcruntime140_1.dll
0x00007fffb9950000 - 0x00007fffb99dd000 	C:\Program Files\Android\Android Studio\jbr\bin\msvcp140.dll
0x00007fff306c0000 - 0x00007fff31343000 	C:\Program Files\Android\Android Studio\jbr\bin\server\jvm.dll
0x00007fffcf8e0000 - 0x00007fffcf991000 	C:\Windows\System32\ADVAPI32.dll
0x00007fffd1550000 - 0x00007fffd15f7000 	C:\Windows\System32\sechost.dll
0x00007fffcf040000 - 0x00007fffcf068000 	C:\Windows\System32\bcrypt.dll
0x00007fffcfa50000 - 0x00007fffcfb64000 	C:\Windows\System32\RPCRT4.dll
0x00007fffd1ab0000 - 0x00007fffd1b21000 	C:\Windows\System32\WS2_32.dll
0x00007fffcebc0000 - 0x00007fffcec0d000 	C:\Windows\SYSTEM32\POWRPROF.dll
0x00007fffc55a0000 - 0x00007fffc55aa000 	C:\Windows\SYSTEM32\VERSION.dll
0x00007fffc9ef0000 - 0x00007fffc9f24000 	C:\Windows\SYSTEM32\WINMM.dll
0x00007fffceba0000 - 0x00007fffcebb3000 	C:\Windows\SYSTEM32\UMPDC.dll
0x00007fffcdea0000 - 0x00007fffcdeb8000 	C:\Windows\SYSTEM32\kernel.appcore.dll
0x00007fffca0b0000 - 0x00007fffca0ba000 	C:\Program Files\Android\Android Studio\jbr\bin\jimage.dll
0x00007fffc5f10000 - 0x00007fffc6142000 	C:\Windows\SYSTEM32\DBGHELP.DLL
0x00007fffd0d40000 - 0x00007fffd10d0000 	C:\Windows\System32\combase.dll
0x00007fffcfce0000 - 0x00007fffcfdb7000 	C:\Windows\System32\OLEAUT32.dll
0x00007fffc5100000 - 0x00007fffc5132000 	C:\Windows\SYSTEM32\dbgcore.DLL
0x00007fffcefc0000 - 0x00007fffcf03b000 	C:\Windows\System32\bcryptPrimitives.dll
0x00007fffca0e0000 - 0x00007fffca0ee000 	C:\Program Files\Android\Android Studio\jbr\bin\instrument.dll
0x00007fffbbdf0000 - 0x00007fffbbe10000 	C:\Program Files\Android\Android Studio\jbr\bin\java.dll
0x00007fffbbce0000 - 0x00007fffbbcf8000 	C:\Program Files\Android\Android Studio\jbr\bin\zip.dll
0x00007fffcffe0000 - 0x00007fffd0858000 	C:\Windows\System32\SHELL32.dll
0x00007fffccda0000 - 0x00007fffcd6b0000 	C:\Windows\SYSTEM32\windows.storage.dll
0x00007fffccc60000 - 0x00007fffccd9f000 	C:\Windows\SYSTEM32\wintypes.dll
0x00007fffd1890000 - 0x00007fffd199a000 	C:\Windows\System32\SHCORE.dll
0x00007fffd1b50000 - 0x00007fffd1bae000 	C:\Windows\System32\shlwapi.dll
0x00007fffcedd0000 - 0x00007fffcedfb000 	C:\Windows\SYSTEM32\profapi.dll
0x00007fffca080000 - 0x00007fffca090000 	C:\Program Files\Android\Android Studio\jbr\bin\net.dll
0x00007fffca160000 - 0x00007fffca28c000 	C:\Windows\SYSTEM32\WINHTTP.dll
0x00007fffce310000 - 0x00007fffce379000 	C:\Windows\system32\mswsock.dll
0x00007fffba3c0000 - 0x00007fffba3d6000 	C:\Program Files\Android\Android Studio\jbr\bin\nio.dll
0x00007fffba3b0000 - 0x00007fffba3c0000 	C:\Program Files\Android\Android Studio\jbr\bin\verify.dll
0x00007fffb0010000 - 0x00007fffb0037000 	C:\Users\WELCOME\.gradle\native\c067742578af261105cb4f569cf0c3c89f3d7b1fecec35dd04571415982c5e48\windows-amd64\native-platform.dll
0x00007fffaab80000 - 0x00007fffaacc4000 	C:\Users\WELCOME\.gradle\native\100fb08df4bc3b14c8652ba06237920a3bd2aa13389f12d3474272988ae205f9\windows-amd64\native-platform-file-events.dll
0x00007fffc49b0000 - 0x00007fffc49b9000 	C:\Program Files\Android\Android Studio\jbr\bin\management.dll
0x00007fffc3f90000 - 0x00007fffc3f9b000 	C:\Program Files\Android\Android Studio\jbr\bin\management_ext.dll
0x00007fffcfe10000 - 0x00007fffcfe18000 	C:\Windows\System32\PSAPI.DLL
0x00007fffce660000 - 0x00007fffce67b000 	C:\Windows\SYSTEM32\CRYPTSP.dll
0x00007fffcde00000 - 0x00007fffcde35000 	C:\Windows\system32\rsaenh.dll
0x00007fffce3b0000 - 0x00007fffce3d8000 	C:\Windows\SYSTEM32\USERENV.dll
0x00007fffce640000 - 0x00007fffce64c000 	C:\Windows\SYSTEM32\CRYPTBASE.dll
0x00007fffcd910000 - 0x00007fffcd93d000 	C:\Windows\SYSTEM32\IPHLPAPI.DLL
0x00007fffcfe00000 - 0x00007fffcfe09000 	C:\Windows\System32\NSI.dll
0x00007fffc5200000 - 0x00007fffc5209000 	C:\Program Files\Android\Android Studio\jbr\bin\extnet.dll
0x00007fffc5770000 - 0x00007fffc5778000 	C:\Windows\system32\wshunix.dll

dbghelp: loaded successfully - version: 4.0.5 - missing functions: none
symbol engine: initialized successfully - sym options: 0x614 - pdb path: .;C:\Program Files\Android\Android Studio\jbr\bin;C:\Windows\SYSTEM32;C:\Windows\WinSxS\amd64_microsoft.windows.common-controls_6595b64144ccf1df_6.0.22621.4830_none_270fe7d773858e80;C:\Program Files\Android\Android Studio\jbr\bin\server;C:\Users\WELCOME\.gradle\native\c067742578af261105cb4f569cf0c3c89f3d7b1fecec35dd04571415982c5e48\windows-amd64;C:\Users\WELCOME\.gradle\native\100fb08df4bc3b14c8652ba06237920a3bd2aa13389f12d3474272988ae205f9\windows-amd64

VM Arguments:
jvm_args: --add-opens=java.base/java.util=ALL-UNNAMED --add-opens=java.base/java.lang=ALL-UNNAMED --add-opens=java.base/java.lang.invoke=ALL-UNNAMED --add-opens=java.prefs/java.util.prefs=ALL-UNNAMED --add-exports=jdk.compiler/com.sun.tools.javac.api=ALL-UNNAMED --add-exports=jdk.compiler/com.sun.tools.javac.util=ALL-UNNAMED --add-opens=java.base/java.nio.charset=ALL-UNNAMED --add-opens=java.base/java.net=ALL-UNNAMED --add-opens=java.base/java.util.concurrent.atomic=ALL-UNNAMED -Xmx2048m -Dfile.encoding=UTF-8 -Duser.country=EC -Duser.language=es -Duser.variant -javaagent:C:\Users\WELCOME\.gradle\wrapper\dists\gradle-8.10.2-bin\a04bxjujx95o3nb99gddekhwo\gradle-8.10.2\lib\agents\gradle-instrumentation-agent-8.10.2.jar 
java_command: org.gradle.launcher.daemon.bootstrap.GradleDaemon 8.10.2
java_class_path (initial): C:\Users\WELCOME\.gradle\wrapper\dists\gradle-8.10.2-bin\a04bxjujx95o3nb99gddekhwo\gradle-8.10.2\lib\gradle-daemon-main-8.10.2.jar
Launcher Type: SUN_STANDARD

[Global flags]
     intx CICompilerCount                          = 4                                         {product} {ergonomic}
     uint ConcGCThreads                            = 2                                         {product} {ergonomic}
     uint G1ConcRefinementThreads                  = 8                                         {product} {ergonomic}
   size_t G1HeapRegionSize                         = 1048576                                   {product} {ergonomic}
    uintx GCDrainStackTargetSize                   = 64                                        {product} {ergonomic}
   size_t InitialHeapSize                          = 232783872                                 {product} {ergonomic}
   size_t MarkStackSize                            = 4194304                                   {product} {ergonomic}
   size_t MaxHeapSize                              = 2147483648                                {product} {command line}
   size_t MaxNewSize                               = 1287651328                                {product} {ergonomic}
   size_t MinHeapDeltaBytes                        = 1048576                                   {product} {ergonomic}
   size_t MinHeapSize                              = 8388608                                   {product} {ergonomic}
    uintx NonNMethodCodeHeapSize                   = 5839372                                {pd product} {ergonomic}
    uintx NonProfiledCodeHeapSize                  = 122909434                              {pd product} {ergonomic}
     bool PerfDisableSharedMem                     = true                                      {product} {ergonomic}
    uintx ProfiledCodeHeapSize                     = 122909434                              {pd product} {ergonomic}
    uintx ReservedCodeCacheSize                    = 251658240                              {pd product} {ergonomic}
     bool SegmentedCodeCache                       = true                                      {product} {ergonomic}
   size_t SoftMaxHeapSize                          = 2147483648                             {manageable} {ergonomic}
     bool UseCompressedOops                        = true                           {product lp64_product} {ergonomic}
     bool UseG1GC                                  = true                                      {product} {ergonomic}
     bool UseLargePagesIndividualAllocation        = false                                  {pd product} {ergonomic}

Logging:
Log output configuration:
 #0: stdout all=warning uptime,level,tags foldmultilines=false
 #1: stderr all=off uptime,level,tags foldmultilines=false

Environment Variables:
PATH=C:\Program Files (x86)\Common Files\Oracle\Java\java8path;C:\Program Files (x86)\Common Files\Oracle\Java\javapath;C:\Windows\system32;C:\Windows;C:\Windows\System32\Wbem;C:\Windows\System32\WindowsPowerShell\v1.0\;C:\Windows\System32\OpenSSH\;C:\xampp\php;C:\ProgramData\ComposerSetup\bin;C:\Program Files\nodejs\;C:\Program Files\Git\cmd;C:\Program Files\dotnet\;C:\Program Files\Microsoft SQL Server\150\Tools\Binn\;C:\Program Files\Microsoft SQL Server\Client SDK\ODBC\170\Tools\Binn\;C:\Program Files (x86)\Microsoft SQL Server\160\Tools\Binn\;C:\Program Files\Microsoft SQL Server\160\Tools\Binn\;C:\Program Files\Microsoft SQL Server\160\DTS\Binn\;C:\Program Files (x86)\Microsoft SQL Server\160\DTS\Binn\;C:\Users\WELCOME\AppData\Local\Microsoft\WindowsApps;C:\Users\WELCOME\AppData\Local\Programs\Microsoft VS Code\bin;C:\Users\WELCOME\AppData\Roaming\Composer\vendor\bin;C:\Users\WELCOME\AppData\Roaming\npm;C:\Users\WELCOME\.dotnet\tools
USERNAME=WELCOME
OS=Windows_NT
PROCESSOR_IDENTIFIER=AMD64 Family 23 Model 160 Stepping 0, AuthenticAMD
TMP=C:\Users\WELCOME\AppData\Local\Temp
TEMP=C:\Users\WELCOME\AppData\Local\Temp




Periodic native trim disabled

JNI global refs:
JNI global refs: 29, weak refs: 12

JNI global refs memory usage: 835, weak refs: 833

Process memory usage:
Resident Set Size: 307676K (2% of 14497276K total physical memory with 465248K free physical memory)

OOME stack traces (most recent first):
Classloader memory used:
Loader org.gradle.internal.classloader.VisitableURLClassLoader                         : 30815K
Loader bootstrap                                                                       : 22879K
Loader org.gradle.initialization.MixInLegacyTypesClassLoader                           : 9292K
Loader jdk.internal.loader.ClassLoaders$PlatformClassLoader                            : 546K
Loader jdk.internal.loader.ClassLoaders$AppClassLoader                                 : 234K
Loader jdk.internal.reflect.DelegatingClassLoader                                      : 95904B
Loader org.gradle.groovy.scripts.internal.DefaultScriptCompilationHandler$ScriptClassLoader: 78392B
Loader org.gradle.internal.classloader.VisitableURLClassLoader                         : 34208B
Loader org.codehaus.groovy.runtime.callsite.CallSiteClassLoader                        : 9488B

Classes loaded by more than one classloader:
Class org.gradle.internal.classloader.FilteringClassLoader                            : loaded 2 times (x 101B)
Class org.gradle.internal.classloader.ClassLoaderHierarchy                            : loaded 2 times (x 66B)
Class org.gradle.api.internal.classpath.ManifestUtil                                  : loaded 2 times (x 67B)
Class org.gradle.internal.classloader.DefaultClassLoaderFactory                       : loaded 2 times (x 78B)
Class org.gradle.internal.classloader.ClassLoaderVisitor                              : loaded 2 times (x 72B)
Class org.gradle.api.internal.classpath.EffectiveClassPath                            : loaded 2 times (x 86B)
Class org.gradle.api.internal.DefaultClassPathProvider                                : loaded 2 times (x 72B)
Class [Lorg.gradle.api.internal.ClassPathProvider;                                    : loaded 2 times (x 65B)
Class org.gradle.api.internal.ClassPathProvider                                       : loaded 2 times (x 66B)
Class org.gradle.internal.service.UnknownServiceException                             : loaded 2 times (x 79B)
Class org.gradle.internal.classpath.TransformedClassPath                              : loaded 2 times (x 92B)
Class org.gradle.internal.classloader.InstrumentingClassLoader                        : loaded 2 times (x 66B)
Class org.gradle.internal.service.ServiceLocator                                      : loaded 2 times (x 66B)
Class org.gradle.internal.InternalTransformer                                         : loaded 2 times (x 66B)
Class org.gradle.internal.classloader.ClasspathUtil$1                                 : loaded 2 times (x 72B)
Class org.gradle.api.internal.classpath.DefaultModuleRegistry$DefaultModule           : loaded 2 times (x 82B)
Class org.gradle.api.internal.classpath.Module                                        : loaded 2 times (x 66B)
Class org.gradle.api.internal.classpath.UnknownModuleException                        : loaded 2 times (x 78B)
Class org.gradle.api.internal.DefaultClassPathRegistry                                : loaded 2 times (x 72B)
Class org.gradle.api.internal.ClassPathRegistry                                       : loaded 2 times (x 66B)
Class org.gradle.internal.classpath.DefaultClassPath$ImmutableUniqueList              : loaded 2 times (x 195B)
Class org.gradle.internal.classpath.ClassPath                                         : loaded 2 times (x 66B)
Class org.gradle.api.UncheckedIOException                                             : loaded 2 times (x 78B)
Class org.gradle.internal.installation.GradleInstallation$1                           : loaded 2 times (x 71B)
Class org.gradle.api.internal.classpath.ModuleRegistry                                : loaded 2 times (x 66B)
Class org.gradle.api.internal.classpath.DefaultModuleRegistry                         : loaded 2 times (x 82B)
Class org.gradle.internal.service.ServiceLookupException                              : loaded 2 times (x 78B)
Class org.gradle.internal.classloader.ClassLoaderFactory                              : loaded 2 times (x 66B)
Class org.gradle.internal.service.CachingServiceLocator                               : loaded 2 times (x 78B)
Class org.gradle.internal.classloader.ClasspathUtil                                   : loaded 2 times (x 67B)
Class org.gradle.api.specs.Spec                                                       : loaded 2 times (x 66B)
Class org.gradle.internal.classloader.VisitableURLClassLoader$InstrumentingVisitableURLClassLoader: loaded 2 times (x 119B)
Class org.gradle.internal.classloader.VisitableURLClassLoader$Spec                    : loaded 2 times (x 70B)
Class org.gradle.internal.classpath.DefaultClassPath                                  : loaded 2 times (x 86B)
Class org.gradle.internal.classloader.ClassLoaderSpec                                 : loaded 2 times (x 67B)
Class org.gradle.internal.classloader.VisitableURLClassLoader                         : loaded 2 times (x 113B)
Class org.gradle.internal.Cast                                                        : loaded 2 times (x 67B)
Class org.gradle.api.Action                                                           : loaded 2 times (x 66B)
Class settings_87zcxn8brxehh0phgfakfrbz9$_run_closure1                                : loaded 2 times (x 135B)
Class org.gradle.internal.classpath.DefaultClassPath$ImmutableUniqueList$Builder      : loaded 2 times (x 71B)
Class settings_87zcxn8brxehh0phgfakfrbz9                                              : loaded 2 times (x 175B)
Class org.gradle.api.GradleException                                                  : loaded 2 times (x 78B)
Class org.gradle.internal.IoActions                                                   : loaded 2 times (x 67B)
Class org.gradle.internal.classloader.SystemClassLoaderSpec                           : loaded 2 times (x 67B)
Class org.gradle.api.internal.classpath.GlobalCacheRootsProvider                      : loaded 2 times (x 66B)
Class settings_87zcxn8brxehh0phgfakfrbz9$_run_closure1$_closure2                      : loaded 2 times (x 135B)
Class org.gradle.internal.installation.CurrentGradleInstallationLocator               : loaded 2 times (x 67B)
Class org.gradle.internal.service.DefaultServiceLocator                               : loaded 2 times (x 79B)
Class org.gradle.internal.installation.CurrentGradleInstallation                      : loaded 2 times (x 69B)
Class org.gradle.util.internal.GUtil                                                  : loaded 2 times (x 67B)
Class org.gradle.internal.installation.GradleInstallation                             : loaded 2 times (x 71B)

---------------  S Y S T E M  ---------------

OS:
 Windows 11 , 64 bit Build 22621 (10.0.22621.4830)
OS uptime: 1 days 2:08 hours
Hyper-V role detected

CPU: total 8 (initial active 8) (8 cores per cpu, 2 threads per core) family 23 model 160 stepping 0 microcode 0x0, cx8, cmov, fxsr, ht, mmx, 3dnowpref, sse, sse2, sse3, ssse3, sse4a, sse4.1, sse4.2, popcnt, lzcnt, tsc, tscinvbit, avx, avx2, aes, clmul, bmi1, bmi2, adx, sha, fma, vzeroupper, clflush, clflushopt, hv, rdtscp, rdpid, f16c
Processor Information for all 8 processors :
  Max Mhz: 2801, Current Mhz: 2801, Mhz Limit: 2801

Memory: 4k page, system-wide physical 14157M (448M free)
TotalPageFile size 22349M (AvailPageFile size 22M)
current process WorkingSet (physical memory assigned to process): 300M, peak: 300M
current process commit charge ("private bytes"): 336M, peak: 356M

vm_info: OpenJDK 64-Bit Server VM (21.0.4+-12508038-b607.1) for windows-amd64 JRE (21.0.4+-12508038-b607.1), built on 2024-10-16T17:23:34Z by "builder" with MS VC++ 16.10 / 16.11 (VS2019)

END.
